<?xml version="1.0" encoding="UTF-8"?>
<!-- Generated by org.testng.reporters.JUnitReportReporter -->
<testsuite hostname="EC2AMAZ-S11DBRH" failures="0" tests="4" name="runners.TaggedRunner" time="0.246" errors="0" timestamp="2023-07-27T04:55:48 GMT" skipped="0">
  <testcase classname="runners.TaggedRunner" name="runScenario" time="0.031"/>
  <system-out/>
  <testcase classname="runners.TaggedRunner" name="runScenario" time="0.150"/>
  <system-out/>
  <testcase classname="runners.TaggedRunner" name="runScenario" time="0.036"/>
  <system-out/>
  <testcase classname="runners.TaggedRunner" name="runScenario" time="0.029"/>
  <system-out/>
</testsuite> <!-- runners.TaggedRunner -->
