<?xml version="1.0" encoding="UTF-8"?>
<!-- Generated by org.testng.reporters.JUnitReportReporter -->
<testsuite hostname="EC2AMAZ-S11DBRH" failures="0" tests="2" name="runners.GooglepageRunner" time="12.912" errors="0" timestamp="2023-07-26T06:17:16 GMT" skipped="0">
  <testcase classname="runners.GooglepageRunner" name="runScenario" time="6.586"/>
  <system-out/>
  <testcase classname="runners.GooglepageRunner" name="runScenario" time="6.326"/>
  <system-out/>
</testsuite> <!-- runners.GooglepageRunner -->
