<?xml version="1.0" encoding="UTF-8"?>
<!-- Generated by org.testng.reporters.JUnitReportReporter -->
<testsuite hostname="EC2AMAZ-S11DBRH" failures="0" tests="1" name="runners.GooglepageRunner" time="7.260" errors="0" timestamp="2023-07-24T08:03:16 GMT" skipped="0">
  <testcase classname="runners.GooglepageRunner" name="runScenario" time="7.260"/>
  <system-out/>
</testsuite> <!-- runners.GooglepageRunner -->
