<?xml version="1.0" encoding="UTF-8"?>
<!-- Generated by org.testng.reporters.JUnitReportReporter -->
<testsuite hostname="EC2AMAZ-S11DBRH" failures="0" tests="2" name="runners.TaggedRunnerParallel" time="18.650" errors="0" timestamp="2023-07-27T05:22:31 GMT" skipped="0">
  <testcase classname="runners.TaggedRunnerParallel" name="runScenario" time="9.405"/>
  <system-out/>
  <testcase classname="runners.TaggedRunnerParallel" name="runScenario" time="9.245"/>
  <system-out/>
</testsuite> <!-- runners.TaggedRunnerParallel -->
