<?xml version="1.0" encoding="UTF-8"?>
<!-- Generated by org.testng.reporters.JUnitReportReporter -->
<testsuite hostname="EC2AMAZ-S11DBRH" failures="0" tests="1" name="runners.ReRunRunner" time="7.074" errors="0" timestamp="2023-07-25T06:26:13 GMT" skipped="0">
  <testcase classname="runners.ReRunRunner" name="runScenario" time="7.074"/>
  <system-out/>
</testsuite> <!-- runners.ReRunRunner -->
