<?xml version="1.0" encoding="UTF-8"?>
<!-- Generated by org.testng.reporters.JUnitReportReporter -->
<testsuite hostname="EC2AMAZ-S11DBRH" failures="0" tests="3" name="runners.TaggedRunner" time="0.213" errors="0" timestamp="2023-07-26T07:49:06 GMT" skipped="0">
  <testcase classname="runners.TaggedRunner" name="runScenario" time="0.028"/>
  <system-out/>
  <testcase classname="runners.TaggedRunner" name="runScenario" time="0.155"/>
  <system-out/>
  <testcase classname="runners.TaggedRunner" name="runScenario" time="0.030"/>
  <system-out/>
</testsuite> <!-- runners.TaggedRunner -->
