<?xml version="1.0" encoding="UTF-8"?>
<!-- Generated by org.testng.reporters.JUnitReportReporter -->
<testsuite hostname="EC2AMAZ-S11DBRH" failures="0" tests="2" name="runners.GooglepageRunner" time="13.771" errors="0" timestamp="2023-07-25T07:58:18 GMT" skipped="0">
  <testcase classname="runners.GooglepageRunner" name="runScenario" time="8.014"/>
  <system-out/>
  <testcase classname="runners.GooglepageRunner" name="runScenario" time="5.757"/>
  <system-out/>
</testsuite> <!-- runners.GooglepageRunner -->
